c:\users\kjones\source\workspaces\yara\windows\yara\release\vc140.pdb
c:\users\kjones\source\workspaces\yara\windows\yara\release\yara.obj
c:\users\kjones\source\workspaces\yara\windows\yara\release\threading.obj
c:\users\kjones\source\workspaces\yara\windows\yara\release\args.obj
c:\users\kjones\source\workspaces\yara\windows\release\yara64.exe
c:\users\kjones\source\workspaces\yara\windows\release\yara64.ipdb
c:\users\kjones\source\workspaces\yara\windows\release\yara64.iobj
c:\users\kjones\source\workspaces\yara\windows\release\yara32.exe
c:\users\kjones\source\workspaces\yara\windows\release\yara32.ipdb
c:\users\kjones\source\workspaces\yara\windows\release\yara32.iobj
c:\users\kjones\source\workspaces\yara\windows\release\yara64.lib
c:\users\kjones\source\workspaces\yara\windows\release\yara64.exp
c:\users\kjones\source\workspaces\yara\windows\release\yara32.lib
c:\users\kjones\source\workspaces\yara\windows\release\yara32.exp
c:\users\kjones\source\workspaces\yara\windows\yara\release\yara.tlog\cl.command.1.tlog
c:\users\kjones\source\workspaces\yara\windows\yara\release\yara.tlog\cl.read.1.tlog
c:\users\kjones\source\workspaces\yara\windows\yara\release\yara.tlog\cl.write.1.tlog
c:\users\kjones\source\workspaces\yara\windows\yara\release\yara.tlog\link.command.1.tlog
c:\users\kjones\source\workspaces\yara\windows\yara\release\yara.tlog\link.read.1.tlog
c:\users\kjones\source\workspaces\yara\windows\yara\release\yara.tlog\link.write.1.tlog
c:\users\kjones\source\workspaces\yara\windows\yara\release\yara.tlog\yara.write.1u.tlog
