c:\users\kjones\source\workspaces\yara\windows\yarac\release\vc140.pdb
c:\users\kjones\source\workspaces\yara\windows\yarac\release\yarac.obj
c:\users\kjones\source\workspaces\yara\windows\yarac\release\args.obj
c:\users\kjones\source\workspaces\yara\windows\release\yarac64.exe
c:\users\kjones\source\workspaces\yara\windows\release\yarac64.ipdb
c:\users\kjones\source\workspaces\yara\windows\release\yarac64.iobj
c:\users\kjones\source\workspaces\yara\windows\release\yarac64.pdb
c:\users\kjones\source\workspaces\yara\windows\release\yarac32.exe
c:\users\kjones\source\workspaces\yara\windows\release\yarac32.ipdb
c:\users\kjones\source\workspaces\yara\windows\release\yarac32.iobj
c:\users\kjones\source\workspaces\yara\windows\release\yarac64.lib
c:\users\kjones\source\workspaces\yara\windows\release\yarac64.exp
c:\users\kjones\source\workspaces\yara\windows\release\yarac32.lib
c:\users\kjones\source\workspaces\yara\windows\release\yarac32.exp
c:\users\kjones\source\workspaces\yara\windows\yarac\release\yarac.vcxprojresolveassemblyreference.cache
c:\users\kjones\source\workspaces\yara\windows\\release\yarac64.pdb
c:\users\kjones\source\workspaces\yara\windows\\release\yarac64.exe
c:\users\kjones\source\workspaces\yara\windows\yarac\release\yarac.tlog\cl.command.1.tlog
c:\users\kjones\source\workspaces\yara\windows\yarac\release\yarac.tlog\cl.read.1.tlog
c:\users\kjones\source\workspaces\yara\windows\yarac\release\yarac.tlog\cl.write.1.tlog
c:\users\kjones\source\workspaces\yara\windows\yarac\release\yarac.tlog\link.command.1.tlog
c:\users\kjones\source\workspaces\yara\windows\yarac\release\yarac.tlog\link.read.1.tlog
c:\users\kjones\source\workspaces\yara\windows\yarac\release\yarac.tlog\link.write.1.tlog
c:\users\kjones\source\workspaces\yara\windows\yarac\release\yarac.tlog\yarac.write.1u.tlog
