c:\users\kjones\source\workspaces\yara\windows\libyara\debug\libyara.pdb
c:\users\kjones\source\workspaces\yara\windows\libyara\debug\libyara.idb
c:\users\kjones\source\workspaces\yara\windows\libyara\filemap.obj
c:\users\kjones\source\workspaces\yara\windows\libyara\grammar.obj
c:\users\kjones\source\workspaces\yara\windows\libyara\hash.obj
c:\users\kjones\source\workspaces\yara\windows\libyara\hex_grammar.obj
c:\users\kjones\source\workspaces\yara\windows\libyara\hex_lexer.obj
c:\users\kjones\source\workspaces\yara\windows\libyara\lexer.obj
c:\users\kjones\source\workspaces\yara\windows\libyara\libyara.obj
c:\users\kjones\source\workspaces\yara\windows\libyara\mem.obj
c:\users\kjones\source\workspaces\yara\windows\libyara\modules.obj
c:\users\kjones\source\workspaces\yara\windows\libyara\object.obj
c:\users\kjones\source\workspaces\yara\windows\libyara\parser.obj
c:\users\kjones\source\workspaces\yara\windows\libyara\proc.obj
c:\users\kjones\source\workspaces\yara\windows\libyara\re.obj
c:\users\kjones\source\workspaces\yara\windows\libyara\re_grammar.obj
c:\users\kjones\source\workspaces\yara\windows\libyara\re_lexer.obj
c:\users\kjones\source\workspaces\yara\windows\libyara\rules.obj
c:\users\kjones\source\workspaces\yara\windows\libyara\scan.obj
c:\users\kjones\source\workspaces\yara\windows\libyara\sizedstr.obj
c:\users\kjones\source\workspaces\yara\windows\libyara\stream.obj
c:\users\kjones\source\workspaces\yara\windows\libyara\strutils.obj
c:\users\kjones\source\workspaces\yara\windows\libyara\ahocorasick.obj
c:\users\kjones\source\workspaces\yara\windows\libyara\arena.obj
c:\users\kjones\source\workspaces\yara\windows\libyara\atoms.obj
c:\users\kjones\source\workspaces\yara\windows\libyara\compiler.obj
c:\users\kjones\source\workspaces\yara\windows\libyara\exec.obj
c:\users\kjones\source\workspaces\yara\windows\libyara\exefiles.obj
c:\users\kjones\source\workspaces\yara\windows\libyara\modules\cuckoo.obj
c:\users\kjones\source\workspaces\yara\windows\libyara\modules\elf.obj
c:\users\kjones\source\workspaces\yara\windows\libyara\modules\hash.obj
c:\users\kjones\source\workspaces\yara\windows\libyara\modules\math.obj
c:\users\kjones\source\workspaces\yara\windows\libyara\modules\pe.obj
c:\users\kjones\source\workspaces\yara\windows\libyara\modules\tests.obj
c:\users\kjones\source\workspaces\yara\windows\libyara\debug\libyara32.lib
c:\users\kjones\source\workspaces\yara\windows\libyara\debug\libyara.tlog\cl.command.1.tlog
c:\users\kjones\source\workspaces\yara\windows\libyara\debug\libyara.tlog\cl.read.1.tlog
c:\users\kjones\source\workspaces\yara\windows\libyara\debug\libyara.tlog\cl.write.1.tlog
c:\users\kjones\source\workspaces\yara\windows\libyara\debug\libyara.tlog\lib-link.read.1.tlog
c:\users\kjones\source\workspaces\yara\windows\libyara\debug\libyara.tlog\lib-link.write.1.tlog
c:\users\kjones\source\workspaces\yara\windows\libyara\debug\libyara.tlog\lib.command.1.tlog
