c:\users\kjones\source\workspaces\yara\windows\yara\debug\vc140.pdb
c:\users\kjones\source\workspaces\yara\windows\yara\debug\vc140.idb
c:\users\kjones\source\workspaces\yara\windows\yara\debug\args.obj
c:\users\kjones\source\workspaces\yara\windows\yara\debug\threading.obj
c:\users\kjones\source\workspaces\yara\windows\yara\debug\yara.obj
c:\users\kjones\source\workspaces\yara\windows\debug\yara64.exe
c:\users\kjones\source\workspaces\yara\windows\debug\yara64.pdb
c:\users\kjones\source\workspaces\yara\windows\debug\yara32.exe
c:\users\kjones\source\workspaces\yara\windows\debug\yara32.pdb
c:\users\kjones\source\workspaces\yara\windows\debug\yara64.lib
c:\users\kjones\source\workspaces\yara\windows\debug\yara64.exp
c:\users\kjones\source\workspaces\yara\windows\debug\yara32.lib
c:\users\kjones\source\workspaces\yara\windows\debug\yara32.exp
c:\users\kjones\source\workspaces\yara\windows\yara\debug\yara.tlog\cl.command.1.tlog
c:\users\kjones\source\workspaces\yara\windows\yara\debug\yara.tlog\cl.read.1.tlog
c:\users\kjones\source\workspaces\yara\windows\yara\debug\yara.tlog\cl.write.1.tlog
c:\users\kjones\source\workspaces\yara\windows\yara\debug\yara.tlog\link.command.1.tlog
c:\users\kjones\source\workspaces\yara\windows\yara\debug\yara.tlog\link.read.1.tlog
c:\users\kjones\source\workspaces\yara\windows\yara\debug\yara.tlog\link.write.1.tlog
c:\users\kjones\source\workspaces\yara\windows\yara\debug\yara.tlog\yara.write.1u.tlog
